tf.Tensor(
[[ 3.78339434e+00  1.21174023e-01 -2.83784866e-01 -2.54989252e-03
  -2.84314603e-02  4.59632464e-02  1.49761915e-01  9.26967114e-02
   2.62648726e+00 -3.50000747e-02  9.29760039e-02 -6.65828824e-01
   1.91837281e-01 -1.10484883e-01 -1.02396287e-01  1.49797130e+00
   3.54162243e-04 -3.82424667e-02  1.68167517e-01 -5.53290499e-03
   1.36066723e+00 -8.48809853e-02 -1.04510307e+00  1.50757721e-02
  -5.89916632e-02 -1.26464486e+00  1.87583968e-01  4.54055443e-02
   9.11775976e-02  7.29901269e-02  1.46221265e-01  3.36248837e-02
   8.73748422e-01  2.30880663e-01 -4.79133576e-02 -1.59529820e-02
  -5.20768054e-02  1.77297313e-02 -3.48637581e-01  2.62240410e-01
   2.16845584e+00 -3.35049517e-02  4.66838717e-01 -1.37733030e+00
  -1.33111751e+00 -2.47049257e-01 -4.64275442e-02  1.66404769e-01
   1.19840587e-03  3.06419164e-01  1.26812113e-02 -5.72536349e-01
   1.12931383e+00  2.01820835e-01 -1.36330545e+00  9.24669486e-03
  -1.14698924e-01 -1.02268815e+00  1.89784855e-01  5.74920028e-02
   2.43927193e+00  9.54216644e-02 -7.15549514e-02  2.36472171e-02]
 [ 2.71671176e+00 -2.95625114e+00 -3.85760158e-01 -1.95849570e-03
  -4.70182560e-02  7.65733346e-02 -3.15222651e-01  1.68086991e-01
   2.00893044e+00  2.98951775e-01  2.12093174e-01 -2.58545160e-01
   2.12500167e+00 -2.30636135e-01 -8.13113898e-02  1.70943272e+00
   7.20375567e-04  1.87847123e-01 -7.36036673e-02 -6.67669550e-02
   9.06079769e-01 -6.42615370e-03 -1.43881691e+00  1.25708543e-02
  -1.12950191e-01 -1.27384937e+00  5.95983788e-02 -3.09114242e+00
   4.57950272e-02  1.60221249e-01  4.37033176e-02  5.34553714e-02
  -2.00948894e-01 -1.24633944e+00 -2.03667939e-01 -1.01618876e-03
  -4.89681140e-02  1.74168609e-02 -5.67087233e-01  7.94382334e-01
  -6.77910757e+00 -4.17197078e-01  1.26233101e-01 -1.10605347e+00
  -2.46233329e-01 -4.93284762e-01 -5.91127798e-02 -5.99525154e-01
   7.43733370e-04  4.26438212e-01  1.77322879e-01  1.64511730e-03
   6.66394174e-01  2.57330924e-01 -2.20964581e-01  6.92393305e-03
  -3.66119295e-01 -7.82561839e-01  1.20701991e-01 -5.20625651e-01
  -1.63129438e-02  3.68539810e-01 -5.70567787e-01  3.99739072e-02]], shape=(2, 64), dtype=float32)