tf.Tensor(
[[ 1.53974199e+00  9.64679003e-01 -6.11351204e+00 -1.42708254e+00
  -2.03791380e+00 -6.05193019e-01 -5.22197723e-01  7.05374479e-01
   6.96184576e-01  5.67458689e-01 -9.36465740e-01 -3.39126945e-01
   1.15366840e+01 -1.84622431e+00  5.98238587e-01 -1.07920628e+01]
 [ 1.12572885e+00  1.30296526e+01 -5.54901648e+00  1.80336758e-01
   7.51781464e+00 -8.86904597e-01 -8.34715292e-02  3.19849873e+00
   2.74433613e-01  5.56433082e-01  5.60298491e+00 -4.93639827e-01
  -3.39815259e-01 -1.90772045e+00 -5.54315686e-01  5.37888050e-01]
 [ 1.09119856e+00  7.38381922e-01  1.23684788e+00  7.34620914e-02
  -1.37989569e+00  7.47759700e-01 -5.68800986e-01 -6.67813480e-01
   9.35461760e-01  1.78319621e+00  7.68564939e-01  2.99937034e+00
  -4.42572981e-01 -6.01789542e-02 -1.55219591e+00 -9.13901687e-01]
 [ 1.26931512e+00  8.29265863e-02  1.19646513e+00  1.02229908e-01
  -5.37609637e-01  9.95835841e-01 -6.31644487e-01 -1.29099560e+00
  -1.31267095e+00 -1.61627436e+00 -2.07191157e+00  3.23115051e-01
   1.74828935e+00  8.48599255e-01 -1.69714633e-02  4.73626584e-01]
 [ 1.10787010e+00 -4.79286194e-01 -8.74011695e-01  7.53480005e+00
  -1.36828196e+00  2.87641674e-01 -7.35221267e-01  7.55907893e-01
   6.39247417e-01  5.56764185e-01 -6.00779581e+00 -3.48067999e-01
  -2.80554867e+00  2.12310359e-01 -5.63224137e-01  9.43075061e-01]
 [ 1.08121228e+00  2.16978025e+00 -5.20702791e+00 -6.50765419e-01
  -2.06021833e+00  8.51534963e-01 -6.09740734e-01 -1.13496006e+00
   2.72180084e-02  5.31694412e-01  3.30837131e-01 -4.77915645e-01
  -5.36773348e+00  8.84683311e-01 -4.89615113e-01 -1.77427614e+00]
 [ 1.28640640e+00  7.46183038e-01  1.40628958e+00  3.16495523e-02
  -1.17964578e+00  2.95651525e-01 -6.43738806e-01 -6.82887733e-01
   3.03215474e-01  6.72959042e+00 -1.68799192e-01  1.45280275e+01
  -5.42760706e+00  3.04641986e+00 -2.63523102e+00 -4.26236808e-01]
 [ 7.78253555e-01  3.31274062e-01 -1.18500102e+00  6.48025894e+00
  -2.21729159e+00  3.61853808e-01 -4.91621852e-01 -2.06231754e-02
   8.32962751e-01  2.51860714e+00  1.54749620e+00  6.49512100e+00
  -1.77158153e+00  2.43354961e-01 -1.82345355e+00 -1.80227232e+00]
 [ 2.32404158e-01 -1.58189610e-01  1.32115591e+00  6.19055209e-05
  -3.49606490e+00  3.59318763e-01 -7.04538047e-01 -5.32198012e-01
   1.50628805e-01  1.06096449e+01 -1.30165422e+00  1.90549030e+01
  -5.27645636e+00  3.60065794e+00 -3.68713832e+00 -2.52745056e+00]
 [ 1.23495603e+00  7.31928229e-01  1.21473801e+00  8.92053321e-02
  -1.26663566e+00  5.79545617e-01 -6.93270922e-01 -7.47774184e-01
   2.25373805e-01  5.39947867e-01  5.73039484e+00 -5.43929756e-01
  -2.59695601e+00 -8.34543109e-01  6.30382419e-01  5.25713110e+00]
 [ 1.16828728e+00  6.90664589e-01  1.31925797e+00  1.75260976e-02
  -1.56151056e+00  4.78052080e-01 -7.60761976e-01 -5.61871171e-01
   3.69528055e-01  5.51322699e-01  5.67568064e+00 -5.53035259e-01
  -2.83086777e+00  1.10450077e+00  4.96191114e-01  4.89953846e-01]
 [ 1.12570298e+00  6.41113281e-01  1.37364352e+00 -9.10428818e-03
  -1.20374715e+00  2.45184124e-01 -5.72213650e-01 -6.53632700e-01
  -1.90472335e-01 -1.88927352e+00  7.12259948e-01  1.63734856e+01
   1.37887180e+00 -5.51411569e-01  2.70490825e-01  1.37364268e-01]
 [ 1.33038151e+00  6.68470979e-01 -1.21953857e+00  6.15024865e-01
  -6.34548247e-01  5.28215706e-01 -2.76715368e-01 -3.93127769e-01
   8.77577484e-01 -1.22539349e-01  1.64947438e+00  3.57652605e-01
   1.47574559e-01  2.63121337e-01 -3.03977579e-02 -2.90635920e+00]
 [ 1.18717957e+00  1.65114403e-01 -3.24364185e+00  7.43136406e+00
  -1.27681983e+00  1.52718937e+00 -5.76854348e-01 -5.75623560e+00
  -9.05325353e-01 -9.35991526e-01  4.80090946e-01  7.72944033e-01
  -2.14659429e+00  2.85093093e+00  2.30968848e-01  1.58226049e+00]
 [ 9.66292500e-01  9.89718497e-01 -6.94964886e+00 -1.63333261e+00
   3.79626751e-02 -1.56738806e+00  2.79537171e-01  4.13575983e+00
  -5.66411197e-01  5.92173338e-01  4.70984995e-01 -3.21836829e-01
   1.03125000e+01 -8.13583970e-01 -5.58195233e-01 -1.30191231e+00]
 [ 1.17780185e+00  1.27769146e+01 -4.66316748e+00  7.33066976e-01
   7.42392921e+00  3.18877757e-01 -6.63929462e-01 -5.25353432e-01
   2.87719309e-01  4.15879107e+00 -3.63063931e-01  1.34994965e+01
   1.70049751e+00 -2.48910919e-01 -5.96921086e-01  1.36319065e+00]
 [ 1.30218303e+00  1.30344162e+01 -5.05843449e+00 -3.36590767e-01
   7.49988604e+00  5.62847853e-01 -6.22734368e-01 -5.06534994e-01
   2.42236748e-01  8.37042713e+00 -4.19519335e-01  1.30450935e+01
   1.07931089e+01 -2.45205060e-01 -1.18868935e+00  5.01554310e-01]
 [ 1.09267151e+00  5.23586683e-02  1.17932332e+00  7.88060501e-02
  -7.32178032e-01  3.98884237e-01 -5.84938467e-01 -2.41437578e+00
   9.30381060e-01  5.17634571e-01 -2.10163879e+00 -4.98907059e-01
  -1.02431595e-01  3.27841544e+00  2.26105738e+00  1.18694484e+00]
 [ 1.04896379e+00  1.26053886e+01 -5.40272427e+00 -1.32412836e-01
   7.25611687e+00  2.97029674e-01 -5.34015238e-01 -8.22826803e-01
  -4.84379888e-01  1.40898323e+01  1.43204129e+00  3.10717983e+01
  -1.37773705e+01  1.75420180e-01 -1.16532707e+00  2.81003380e+00]
 [ 1.02579510e+00  7.61591256e-01 -2.00770450e+00 -4.42076713e-01
  -2.48584017e-01  1.34920791e-01  1.34091604e+00 -8.80792081e-01
   1.11747980e+00 -2.60481924e-01  1.35306048e+00  2.25075200e-01
   6.58184588e-02  4.14463095e-02 -5.57090640e-02 -4.87921667e+00]
 [-4.16435575e+00  1.98168004e+00 -4.32422638e+00  4.02707291e+00
   7.86102891e-01 -7.18914986e-01  1.69955730e-01 -2.38542390e+00
   4.21391785e-01  5.78291714e-01  8.04858446e-01 -2.53313482e-01
  -1.01537269e-03 -4.28530902e-01  3.24849749e+00  7.36410856e+00]
 [ 1.02012968e+00  7.66761601e-01 -1.21119511e+00 -4.46558207e-01
  -2.05711931e-01  1.00050606e-01  1.29013944e+00 -7.73188353e-01
   1.08679819e+00 -1.86940297e-01  1.37245548e+00  2.35367179e-01
   1.59639448e-01  3.83887850e-02  6.93294927e-02 -4.76012325e+00]
 [ 1.09842777e+00  4.20558989e-01 -3.43725514e+00  6.94347286e+00
  -3.20084184e-01  2.08281612e+00 -1.42713025e-01 -7.98737526e-01
  -1.68070614e-01  5.74014187e-01 -2.78581977e-02 -2.42847100e-01
   1.96056235e+00  3.48145843e+00  2.72756606e-01  1.52789092e+00]
 [ 1.28258276e+00 -3.05472672e-01  1.50954688e+00 -1.03773661e-01
  -2.02212811e+00 -8.62310603e-02 -6.56966090e-01 -3.76197964e-01
   2.30087936e-01  5.30088186e-01  5.43362379e+00 -5.71392179e-01
  -5.12460899e+00 -4.46833700e-01  6.57491982e-01  1.10350990e+00]
 [ 1.04812193e+00 -6.81711853e-01 -2.15743518e+00  6.41022968e+00
  -1.20171309e+00  1.43432185e-01 -7.41878510e-01 -1.07640970e+00
   9.78823423e-01  1.10515618e+00  9.03794408e-01  2.62875557e+00
  -7.32992411e-01  1.94294125e-01 -1.26792955e+00 -2.95579624e+00]
 [-8.55777979e-01  3.79048920e+00 -5.97252941e+00 -1.17364228e+00
  -5.33134842e+00  3.65272045e-01 -5.61196089e-01 -1.75326550e+00
  -1.19031954e+00 -6.37219846e-01 -7.53212199e-02  1.20432425e+00
   3.77935529e+00  8.69686365e-01  1.61773667e-01  4.36666086e-02]
 [ 1.39985549e+00 -8.13324630e-01 -8.55111480e-01  2.17034459e+00
  -1.09758401e+00  1.02687788e+00 -7.38347948e-01 -6.26112986e+00
   1.18486714e+00 -3.75705063e-01  1.30807185e+00  7.11433291e-01
  -2.25744486e-01  4.91631478e-01 -7.26913288e-02 -1.77226901e+00]
 [ 1.08160734e+00  7.90935755e-01  1.17199481e+00 -3.51508497e-03
  -1.57170630e+00 -6.76195502e-01 -5.68716645e-01  3.54757237e+00
   1.02706540e+00  3.65799785e-01  5.33499360e-01  9.99374568e-01
  -1.44438565e-01  4.12711464e-02 -6.86082184e-01 -3.49394798e-01]
 [-3.52395105e+00  1.77115905e+00 -4.70860434e+00  3.30046296e+00
   7.99007058e-01 -1.30630338e+00 -3.34784895e-01  8.58539164e-01
  -2.54255700e+00  6.62552953e-01  1.77781427e+00 -5.23178577e-01
   1.05574703e+01 -8.69568884e-01 -7.69556314e-03  3.22032881e+00]
 [ 1.01322234e+00  6.92824781e-01 -1.01300871e+00 -3.96335304e-01
  -1.85164228e-01  2.34017551e-01  1.14553702e+00 -6.90159440e-01
   1.10323215e+00 -2.81008899e-01  1.12100768e+00  4.17258352e-01
   1.11734629e-01  7.68067017e-02 -3.92620312e-03 -3.66008115e+00]
 [ 1.16390109e+00 -6.58407092e-01 -3.05018425e+00  7.61377430e+00
  -9.59142327e-01  1.53628445e+00 -7.21170127e-01 -5.68521643e+00
  -5.56879818e-01 -1.31716466e+00  1.14519227e+00  1.84876546e-01
  -2.41360712e+00  2.87284327e+00  8.43631744e-01  5.31349301e-01]
 [ 1.19967914e+00  1.29846582e+01 -5.41338778e+00 -2.05302253e-01
   7.44911480e+00  3.11032832e-01 -6.68361843e-01 -6.80169106e-01
   3.18482906e-01  6.72142124e+00 -2.49565497e-01  1.40730362e+01
  -2.60125399e+00  1.35983419e+00 -2.86817479e+00  1.83444202e+00]], shape=(32, 16), dtype=float32)